AVL tree: {
  avl_tree_node_t *root = 0x7bde7a21ffd0 ({
    avl_tree_node_t *left = 0x7bde7a1fffd0 ({
      avl_tree_node_t *left = 0x7bde7a1effd0 ({
        avl_tree_node_t *left = 0x7bde7a1e7fd0 ({
          avl_tree_node_t *left = 0x7bde7a1e3fd0 ({...})
          avl_tree_node_t *right = 0x7bde7a1ebfd0 ({...})
          int depth = 10
          void *key = 0x1ff
          void *data = 0x1ff
        })
        avl_tree_node_t *right = 0x7bde7a1f7fd0 ({
          avl_tree_node_t *left = 0x7bde7a1f3fd0 ({...})
          avl_tree_node_t *right = 0x7bde7a1fbfd0 ({...})
          int depth = 10
          void *key = 0x5ff
          void *data = 0x5ff
        })
        int depth = 11
        void *key = 0x3ff
        void *data = 0x3ff
      })
      avl_tree_node_t *right = 0x7bde7a20ffd0 ({
        avl_tree_node_t *left = 0x7bde7a207fd0 ({
          avl_tree_node_t *left = 0x7bde7a203fd0 ({...})
          avl_tree_node_t *right = 0x7bde7a20bfd0 ({...})
          int depth = 10
          void *key = 0x9ff
          void *data = 0x9ff
        })
        avl_tree_node_t *right = 0x7bde7a217fd0 ({
          avl_tree_node_t *left = 0x7bde7a213fd0 ({...})
          avl_tree_node_t *right = 0x7bde7a21bfd0 ({...})
          int depth = 10
          void *key = 0xdff
          void *data = 0xdff
        })
        int depth = 11
        void *key = 0xbff
        void *data = 0xbff
      })
      int depth = 12
      void *key = 0x7ff
      void *data = 0x7ff
    })
    avl_tree_node_t *right = 0x7bde7a23ffd0 ({
      avl_tree_node_t *left = 0x7bde7a22ffd0 ({
        avl_tree_node_t *left = 0x7bde7a227fd0 ({
          avl_tree_node_t *left = 0x7bde7a223fd0 ({...})
          avl_tree_node_t *right = 0x7bde7a22bfd0 ({...})
          int depth = 10
          void *key = 0x11ff
          void *data = 0x11ff
        })
        avl_tree_node_t *right = 0x7bde7a237fd0 ({
          avl_tree_node_t *left = 0x7bde7a233fd0 ({...})
          avl_tree_node_t *right = 0x7bde7a23bfd0 ({...})
          int depth = 10
          void *key = 0x15ff
          void *data = 0x15ff
        })
        int depth = 11
        void *key = 0x13ff
        void *data = 0x13ff
      })
      avl_tree_node_t *right = 0x7bde7a25ffd0 ({
        avl_tree_node_t *left = 0x7bde7a24ffd0 ({
          avl_tree_node_t *left = 0x7bde7a247fd0 ({...})
          avl_tree_node_t *right = 0x7bde7a257fd0 ({...})
          int depth = 11
          void *key = 0x1bff
          void *data = 0x1bff
        })
        avl_tree_node_t *right = 0x7bde7a26ffd0 ({
          avl_tree_node_t *left = 0x7bde7a267fd0 ({...})
          avl_tree_node_t *right = 0x7bde7a277fd0 ({...})
          int depth = 11
          void *key = 0x23ff
          void *data = 0x23ff
        })
        int depth = 12
        void *key = 0x1fff
        void *data = 0x1fff
      })
      int depth = 13
      void *key = 0x17ff
      void *data = 0x17ff
    })
    int depth = 14
    void *key = 0xfff
    void *data = 0xfff
  })
  int(void *, void *) comparator = 0x557b024a4650 (int cmp(void *k1, void *k2))
  void(void *) destructor = NULL
}
