uprintf's state: {
    _upf_memory_region *allocator = 0x7f34ffe7d800 ({
        _upf_memory_region *prev = 0x7f34ffec0800 ({
            _upf_memory_region *prev = 0x7e44fe1f4800 ({
                _upf_memory_region *prev = NULL
                size_t capacity = 65535
                size_t length = 65472
                uint8_t[] data = <non-static array>
            })
            size_t capacity = 131070
            size_t length = 131008
            uint8_t[] data = <non-static array>
        })
        size_t capacity = 262140
        size_t length = 176808
        uint8_t[] data = <non-static array>
    })
    _Bool is_init = true
    const uint8_t *base = 0x564bed9db000 (127)
    uint8_t *file = 0x7f34feb24000 (127)
    off_t file_size = 1364832
    _Bool is64bit = false
    uint8_t offset_size = 4
    uint8_t address_size = 8
    const uint8_t *die = 0x7f34fec0611b (190)
    size_t die_size = 219074
    const uint8_t *abbrev = 0x7f34fec3b8dd (1)
    const char *str = 0x7f34fec51c43 ("__glibc_reserved")
    const char *line_str = 0x7f34fec53afd ("/projects/uprintf")
    const uint8_t *str_offsets = NULL
    const uint8_t *addr = NULL
    const uint8_t *rnglists = 0x7f34fec679fc (64)
    _upf_type_map_vec type_map = {
        uint32_t capacity = 128
        uint32_t length = 121
        _upf_type_map_entry *data = 0x7f34ffea4418 ({
            const uint8_t *die = 0x7f34fec07ac6 (13)
            _upf_type *type_ptr = 0x7f34ffea1458 ({
                const char *name = 0x7f34fec527a3 ("_upf_memory_region")
                _upf_type_kind kind = _UPF_TK_POINTER (4)
                int modifiers = 0
                size_t size = 8
                union as = <union> {
                    struct cstruct = {
                        _Bool is_declaration = true
                        _upf_member_vec members = {
                            uint32_t capacity = 0
                            uint32_t length = 0
                            _upf_member *data = NULL
                        }
                    }
                    struct cenum = {
                        _upf_type *underlying_type = 0x7f34ffea18d8 (<#0> {
                            const char *name = 0x7f34fec527a3 ("_upf_memory_region")
                            _upf_type_kind kind = _UPF_TK_STRUCT (0)
                            int modifiers = 0
                            size_t size = 24
                            union as = <union> {
                                struct cstruct = {
                                    _Bool is_declaration = false
                                    _upf_member_vec members = {
                                        uint32_t capacity = 4
                                        uint32_t length = 4
                                        _upf_member *data = 0x7f34ffea14f8 ({...})
                                    }
                                }
                                struct cenum = {
                                    _upf_type *underlying_type = NULL
                                    _upf_enum_vec enums = {
                                        uint32_t capacity = 4
                                        uint32_t length = 4
                                        _upf_enum *data = 0x7f34ffea14f8 ({...})
                                    }
                                }
                                struct array = {
                                    _upf_type *element_type = NULL
                                    _upf_size_t_vec lengths = {
                                        uint32_t capacity = 4
                                        uint32_t length = 4
                                        size_t *data = 0x7f34ffea14f8 (139865589365410)
                                    }
                                }
                                struct pointer = {
                                    _upf_type *type = NULL
                                }
                                struct function = {
                                    _upf_type *return_type = NULL
                                    _upf_type_ptr_vec arg_types = {
                                        uint32_t capacity = 4
                                        uint32_t length = 4
                                        _upf_type **data = 0x7f34ffea14f8
                                    }
                                }
                            }
                        })
                        _upf_enum_vec enums = {
                            uint32_t capacity = 0
                            uint32_t length = 0
                            _upf_enum *data = NULL
                        }
                    }
                    struct array = {
                        _upf_type *element_type = 0x7f34ffea18d8 (<points to #0>)
                        _upf_size_t_vec lengths = {
                            uint32_t capacity = 0
                            uint32_t length = 0
                            size_t *data = NULL
                        }
                    }
                    struct pointer = {
                        _upf_type *type = 0x7f34ffea18d8 (<points to #0>)
                    }
                    struct function = {
                        _upf_type *return_type = 0x7f34ffea18d8 (<points to #0>)
                        _upf_type_ptr_vec arg_types = {
                            uint32_t capacity = 0
                            uint32_t length = 0
                            _upf_type **data = NULL
                        }
                    }
                }
            })
        })
    }
    _upf_type_vec types = {
        uint32_t capacity = 4
        uint32_t length = 1
        _upf_type **data = 0x7f34ffea72a0
    }
    _upf_cu_vec cus = {
        uint32_t capacity = 4
        uint32_t length = 1
        _upf_cu *data = 0x7f34ffea0218 (<#1> {
            const uint8_t *base = 0x7f34fec0611b (190)
            _upf_scope scope = {
                _upf_range_vec ranges = {
                    uint32_t capacity = 16
                    uint32_t length = 12
                    _upf_range *data = 0x7e44fe1fd6d8 ({
                        uint64_t start = 333360
                        uint64_t end = 502059
                    })
                }
                _upf_named_type_vec vars = {
                    uint32_t capacity = 8
                    uint32_t length = 6
                    _upf_named_type *data = 0x7e44fe1fe818 ({
                        const uint8_t *die = 0x7f34fec06158 (77)
                        const char *name = 0x7f34fec52840 ("_upf_test_status")
                    })
                }
                _upf_scope_vec scopes = {
                    uint32_t capacity = 128
                    uint32_t length = 65
                    _upf_scope *data = 0x7f34ffe9e858 ({
                        _upf_range_vec ranges = {
                            uint32_t capacity = 4
                            uint32_t length = 1
                            _upf_range *data = 0x7e44fe1ffb18 ({
                                uint64_t start = 332992
                                uint64_t end = 333044
                            })
                        }
                        _upf_named_type_vec vars = {
                            uint32_t capacity = 0
                            uint32_t length = 0
                            _upf_named_type *data = NULL
                        }
                        _upf_scope_vec scopes = {
                            uint32_t capacity = 0
                            uint32_t length = 0
                            _upf_scope *data = NULL
                        }
                    })
                }
            }
            uint64_t addr_base = 0
            uint64_t str_offsets_base = 18446744073709551615
            uint64_t rnglists_base = 18446744073709551615
            _upf_abbrev_vec abbrevs = {
                uint32_t capacity = 128
                uint32_t length = 101
                _upf_abbrev *data = 0x7e44fe1f9998 ({
                    uint64_t code = 1
                    uint64_t tag = 73
                    _Bool has_children = false
                    _upf_attr_vec attrs = {
                        uint32_t capacity = 4
                        uint32_t length = 2
                        _upf_attr *data = 0x7e44fe1f49d8 ({
                            uint64_t name = 2
                            uint64_t form = 24
                            int64_t implicit_const = 0
                        })
                    }
                })
            }
            _upf_named_type_vec types = {
                uint32_t capacity = 128
                uint32_t length = 123
                _upf_named_type *data = 0x7e44fe1fe018 ({
                    const uint8_t *die = 0x7f34fec06145 (34)
                    const char *name = 0x7f34fec531a4 ("long unsigned int")
                })
            }
            _upf_function_vec functions = {
                uint32_t capacity = 256
                uint32_t length = 169
                _upf_function *data = 0x7f34ffe9a6d8 ({
                    const char *name = 0x7f34fec53010 ("strncmp")
                    const uint8_t *return_type_die = 0x7f34fec06158 (77)
                    _upf_named_type_vec args = {
                        uint32_t capacity = 4
                        uint32_t length = 3
                        _upf_named_type *data = 0x7e44fe1fe898 ({
                            const uint8_t *die = 0x7f34fec06172 (13)
                            const char *name = NULL
                        })
                    }
                    _Bool is_variadic = false
                    uint64_t pc = 18446744073709551615
                })
            }
        })
    }
    _upf_extern_function_vec extern_functions = {
        uint32_t capacity = 16
        uint32_t length = 9
        _upf_extern_function *data = 0x7e44fe1f48d8 ({
            const char *name = 0x564bed9dbad6 ("__asan_init")
            uint64_t pc = 139865611240368
        })
    }
    int circular_id = 2
    _upf_range_vec addresses = {
        uint32_t capacity = 128
        uint32_t length = 85
        _upf_range *data = 0x7f34ffea0bd8 ({
            uint64_t start = 2147446784
            uint64_t end = 2415882240
        })
    }
    char *buffer = 0x7dc4fe1e0200 (<out-of-bounds>)
    char *ptr = 0x7dc4fe1e2ad5 (<out-of-bounds>)
    uint32_t size = 16384
    uint32_t free = 5852
    jmp_buf jmp_buf = [
        {
            __jmp_buf __jmpbuf = [0, -3760453226303410042, 140734485823144, 1, 5, 1, -3760453226114666362, -7441794944332025722]
            int __mask_was_saved = 0
            __sigset_t __saved_mask = {
                long unsigned int[] __val = [0 <repeats 16 times>]
            }
        }
    ]
    const char *file_path = 0x564beda5aec0 ("examples/uprintf.c")
    int line = 5
    _upf_token_vec tokens = {
        uint32_t capacity = 4
        uint32_t length = 2
        _upf_token *data = 0x7f34ffea1408 ({
            _upf_token_type type = _UPF_TT_AMPERSAND (28)
            const char *string = 0x564beda5b4c0 ("&")
        })
    }
    size_t tokens_idx = 2
    uint64_t current_pc = 333036
    _upf_cu *current_cu = 0x7f34ffea0218 (<points to #1>)
}
